12:07:54.870 [TestNG-tests-1] DEBUG org.apache.poi.openxml4j.opc.PackageRelationshipCollection - Parsing relationship: /xl/_rels/workbook.xml.rels
12:07:54.906 [TestNG-tests-1] DEBUG org.apache.poi.openxml4j.opc.PackageRelationshipCollection - Parsing relationship: /xl/worksheets/_rels/sheet1.xml.rels
12:07:54.906 [TestNG-tests-1] DEBUG org.apache.poi.openxml4j.opc.PackageRelationshipCollection - Parsing relationship: /_rels/.rels
12:07:55.008 [TestNG-tests-1] DEBUG org.apache.poi.openxml4j.opc.PackageRelationshipCollection - Parsing relationship: /xl/_rels/workbook.xml.rels
12:07:55.008 [TestNG-tests-1] DEBUG org.apache.poi.openxml4j.opc.PackageRelationshipCollection - Parsing relationship: /xl/worksheets/_rels/sheet1.xml.rels
12:07:55.008 [TestNG-tests-1] DEBUG org.apache.poi.openxml4j.opc.PackageRelationshipCollection - Parsing relationship: /_rels/.rels
12:07:55.133 [TestNG-tests-1] DEBUG org.apache.poi.openxml4j.opc.PackageRelationshipCollection - Parsing relationship: /xl/_rels/workbook.xml.rels
12:07:55.133 [TestNG-tests-1] DEBUG org.apache.poi.openxml4j.opc.PackageRelationshipCollection - Parsing relationship: /xl/worksheets/_rels/sheet1.xml.rels
12:07:55.133 [TestNG-tests-1] DEBUG org.apache.poi.openxml4j.opc.PackageRelationshipCollection - Parsing relationship: /_rels/.rels
12:07:55.607 [TestNG-tests-1] INFO  testCases.TC003LoginDDT - ***** starting TC002LoginTest ***** 
12:07:55.607 [TestNG-tests-1] INFO  testCases.TC003LoginDDT - Providing login details......
12:07:56.918 [TestNG-tests-1] INFO  testCases.TC003LoginDDT - Clicked on MyAccount link.......
12:07:58.963 [TestNG-tests-1] INFO  testCases.TC003LoginDDT - Clicked on Login link......
12:08:02.394 [TestNG-tests-1] INFO  testCases.TC003LoginDDT - Validating expected message.....
12:08:06.829 [TestNG-tests-1] INFO  testCases.TC003LoginDDT - ***** Finished TC003LoginDDT *****
12:08:07.119 [TestNG-tests-1] INFO  testCases.TC003LoginDDT - ***** starting TC002LoginTest ***** 
12:08:07.119 [TestNG-tests-1] INFO  testCases.TC003LoginDDT - Providing login details......
12:08:07.355 [TestNG-tests-1] INFO  testCases.TC003LoginDDT - Clicked on MyAccount link.......
12:08:08.082 [TestNG-tests-1] INFO  testCases.TC003LoginDDT - Clicked on Login link......
12:08:10.304 [TestNG-tests-1] INFO  testCases.TC003LoginDDT - Validating expected message.....
12:08:23.359 [TestNG-tests-1] INFO  testCases.TC003LoginDDT - ***** Finished TC003LoginDDT *****
12:08:23.623 [TestNG-tests-1] INFO  testCases.TC003LoginDDT - ***** starting TC002LoginTest ***** 
12:08:23.624 [TestNG-tests-1] INFO  testCases.TC003LoginDDT - Providing login details......
12:08:23.863 [TestNG-tests-1] INFO  testCases.TC003LoginDDT - Clicked on MyAccount link.......
12:08:24.655 [TestNG-tests-1] INFO  testCases.TC003LoginDDT - Clicked on Login link......
12:08:25.859 [TestNG-tests-1] INFO  testCases.TC003LoginDDT - Validating expected message.....
12:08:38.971 [TestNG-tests-1] INFO  testCases.TC003LoginDDT - ***** Finished TC003LoginDDT *****
12:08:39.250 [TestNG-tests-1] INFO  testCases.TC003LoginDDT - ***** starting TC002LoginTest ***** 
12:08:39.251 [TestNG-tests-1] INFO  testCases.TC003LoginDDT - Providing login details......
12:08:39.408 [TestNG-tests-1] INFO  testCases.TC003LoginDDT - Clicked on MyAccount link.......
12:08:40.089 [TestNG-tests-1] INFO  testCases.TC003LoginDDT - Clicked on Login link......
12:08:41.639 [TestNG-tests-1] INFO  testCases.TC003LoginDDT - Validating expected message.....
12:08:45.483 [TestNG-tests-1] INFO  testCases.TC003LoginDDT - ***** Finished TC003LoginDDT *****
12:08:46.574 [TestNG-tests-1] INFO  testCases.TC003LoginDDT - ***** starting TC002LoginTest ***** 
12:08:46.577 [TestNG-tests-1] INFO  testCases.TC003LoginDDT - Providing login details......
12:08:47.098 [TestNG-tests-1] INFO  testCases.TC003LoginDDT - Clicked on MyAccount link.......
12:08:48.491 [TestNG-tests-1] INFO  testCases.TC003LoginDDT - Clicked on Login link......
12:08:49.788 [TestNG-tests-1] INFO  testCases.TC003LoginDDT - Validating expected message.....
12:09:02.909 [TestNG-tests-1] INFO  testCases.TC003LoginDDT - ***** Finished TC003LoginDDT *****
12:09:03.208 [TestNG-tests-1] INFO  testCases.TC003LoginDDT - ***** starting TC002LoginTest ***** 
12:09:03.209 [TestNG-tests-1] INFO  testCases.TC003LoginDDT - Providing login details......
12:09:03.416 [TestNG-tests-1] INFO  testCases.TC003LoginDDT - Clicked on MyAccount link.......
12:09:04.146 [TestNG-tests-1] INFO  testCases.TC003LoginDDT - Clicked on Login link......
12:09:05.373 [TestNG-tests-1] INFO  testCases.TC003LoginDDT - Validating expected message.....
12:09:18.445 [TestNG-tests-1] INFO  testCases.TC003LoginDDT - ***** Finished TC003LoginDDT *****
12:09:18.891 [TestNG-tests-1] INFO  testCases.TC003LoginDDT - ***** starting TC002LoginTest ***** 
12:09:18.892 [TestNG-tests-1] INFO  testCases.TC003LoginDDT - Providing login details......
12:09:19.052 [TestNG-tests-1] INFO  testCases.TC003LoginDDT - Clicked on MyAccount link.......
