12:23:42.880 [TestNG-tests-1] DEBUG org.apache.poi.openxml4j.opc.PackageRelationshipCollection - Parsing relationship: /xl/_rels/workbook.xml.rels
12:23:42.928 [TestNG-tests-1] DEBUG org.apache.poi.openxml4j.opc.PackageRelationshipCollection - Parsing relationship: /xl/worksheets/_rels/sheet1.xml.rels
12:23:42.941 [TestNG-tests-1] DEBUG org.apache.poi.openxml4j.opc.PackageRelationshipCollection - Parsing relationship: /_rels/.rels
12:23:43.169 [TestNG-tests-1] DEBUG org.apache.poi.openxml4j.opc.PackageRelationshipCollection - Parsing relationship: /xl/_rels/workbook.xml.rels
12:23:43.179 [TestNG-tests-1] DEBUG org.apache.poi.openxml4j.opc.PackageRelationshipCollection - Parsing relationship: /xl/worksheets/_rels/sheet1.xml.rels
12:23:43.182 [TestNG-tests-1] DEBUG org.apache.poi.openxml4j.opc.PackageRelationshipCollection - Parsing relationship: /_rels/.rels
12:23:43.342 [TestNG-tests-1] DEBUG org.apache.poi.openxml4j.opc.PackageRelationshipCollection - Parsing relationship: /xl/_rels/workbook.xml.rels
12:23:43.351 [TestNG-tests-1] DEBUG org.apache.poi.openxml4j.opc.PackageRelationshipCollection - Parsing relationship: /xl/worksheets/_rels/sheet1.xml.rels
12:23:43.353 [TestNG-tests-1] DEBUG org.apache.poi.openxml4j.opc.PackageRelationshipCollection - Parsing relationship: /_rels/.rels
12:23:43.457 [TestNG-tests-1] INFO  testCases.TC003LoginDDT - ***** starting TC002LoginTest ***** 
12:23:43.472 [TestNG-tests-1] INFO  testCases.TC003LoginDDT - Providing login details......
12:23:44.264 [TestNG-tests-1] INFO  testCases.TC003LoginDDT - Clicked on MyAccount link.......
12:23:45.377 [TestNG-tests-1] INFO  testCases.TC003LoginDDT - Clicked on Login link......
12:23:47.992 [TestNG-tests-1] INFO  testCases.TC003LoginDDT - Validating expected message.....
12:23:52.763 [TestNG-tests-1] INFO  testCases.TC003LoginDDT - ***** Finished TC003LoginDDT *****
12:23:53.756 [TestNG-tests-1] INFO  testCases.TC003LoginDDT - ***** starting TC002LoginTest ***** 
12:23:53.757 [TestNG-tests-1] INFO  testCases.TC003LoginDDT - Providing login details......
12:23:54.740 [TestNG-tests-1] INFO  testCases.TC003LoginDDT - Clicked on MyAccount link.......
12:23:55.653 [TestNG-tests-1] INFO  testCases.TC003LoginDDT - Clicked on Login link......
12:23:57.797 [TestNG-tests-1] INFO  testCases.TC003LoginDDT - Validating expected message.....
12:24:11.098 [TestNG-tests-1] INFO  testCases.TC003LoginDDT - ***** Finished TC003LoginDDT *****
12:24:11.375 [TestNG-tests-1] INFO  testCases.TC003LoginDDT - ***** starting TC002LoginTest ***** 
12:24:11.376 [TestNG-tests-1] INFO  testCases.TC003LoginDDT - Providing login details......
12:24:11.899 [TestNG-tests-1] INFO  testCases.TC003LoginDDT - Clicked on MyAccount link.......
12:24:12.832 [TestNG-tests-1] INFO  testCases.TC003LoginDDT - Clicked on Login link......
12:24:15.432 [TestNG-tests-1] INFO  testCases.TC003LoginDDT - Validating expected message.....
12:24:28.551 [TestNG-tests-1] INFO  testCases.TC003LoginDDT - ***** Finished TC003LoginDDT *****
12:24:28.974 [TestNG-tests-1] INFO  testCases.TC003LoginDDT - ***** starting TC002LoginTest ***** 
12:24:28.975 [TestNG-tests-1] INFO  testCases.TC003LoginDDT - Providing login details......
12:24:29.598 [TestNG-tests-1] INFO  testCases.TC003LoginDDT - Clicked on MyAccount link.......
12:24:30.633 [TestNG-tests-1] INFO  testCases.TC003LoginDDT - Clicked on Login link......
12:24:33.186 [TestNG-tests-1] INFO  testCases.TC003LoginDDT - Validating expected message.....
12:24:37.972 [TestNG-tests-1] INFO  testCases.TC003LoginDDT - ***** Finished TC003LoginDDT *****
12:24:38.196 [TestNG-tests-1] INFO  testCases.TC003LoginDDT - ***** starting TC002LoginTest ***** 
12:24:38.198 [TestNG-tests-1] INFO  testCases.TC003LoginDDT - Providing login details......
12:24:38.419 [TestNG-tests-1] INFO  testCases.TC003LoginDDT - Clicked on MyAccount link.......
12:24:39.154 [TestNG-tests-1] INFO  testCases.TC003LoginDDT - Clicked on Login link......
12:24:41.277 [TestNG-tests-1] INFO  testCases.TC003LoginDDT - Validating expected message.....
12:24:54.433 [TestNG-tests-1] INFO  testCases.TC003LoginDDT - ***** Finished TC003LoginDDT *****
12:24:54.689 [TestNG-tests-1] INFO  testCases.TC003LoginDDT - ***** starting TC002LoginTest ***** 
12:24:54.689 [TestNG-tests-1] INFO  testCases.TC003LoginDDT - Providing login details......
12:24:55.087 [TestNG-tests-1] INFO  testCases.TC003LoginDDT - Clicked on MyAccount link.......
12:24:55.987 [TestNG-tests-1] INFO  testCases.TC003LoginDDT - Clicked on Login link......
12:24:57.564 [TestNG-tests-1] INFO  testCases.TC003LoginDDT - Validating expected message.....
12:25:10.628 [TestNG-tests-1] INFO  testCases.TC003LoginDDT - ***** Finished TC003LoginDDT *****
12:25:10.827 [TestNG-tests-1] INFO  testCases.TC003LoginDDT - ***** starting TC002LoginTest ***** 
12:25:10.828 [TestNG-tests-1] INFO  testCases.TC003LoginDDT - Providing login details......
12:25:10.968 [TestNG-tests-1] INFO  testCases.TC003LoginDDT - Clicked on MyAccount link.......
