10:48:42.873 [TestNG-tests-1] DEBUG org.apache.poi.openxml4j.opc.PackageRelationshipCollection - Parsing relationship: /xl/worksheets/_rels/sheet1.xml.rels
10:48:42.881 [TestNG-tests-1] DEBUG org.apache.poi.openxml4j.opc.PackageRelationshipCollection - Parsing relationship: /_rels/.rels
10:48:42.930 [TestNG-tests-1] DEBUG org.apache.poi.openxml4j.opc.PackageRelationshipCollection - Parsing relationship: /xl/_rels/workbook.xml.rels
10:48:42.933 [TestNG-tests-1] DEBUG org.apache.poi.openxml4j.opc.PackageRelationshipCollection - Parsing relationship: /xl/worksheets/_rels/sheet1.xml.rels
10:48:42.935 [TestNG-tests-1] DEBUG org.apache.poi.openxml4j.opc.PackageRelationshipCollection - Parsing relationship: /_rels/.rels
10:48:43.005 [TestNG-tests-1] DEBUG org.apache.poi.openxml4j.opc.PackageRelationshipCollection - Parsing relationship: /xl/_rels/workbook.xml.rels
10:48:43.008 [TestNG-tests-1] DEBUG org.apache.poi.openxml4j.opc.PackageRelationshipCollection - Parsing relationship: /xl/worksheets/_rels/sheet1.xml.rels
10:48:43.010 [TestNG-tests-1] DEBUG org.apache.poi.openxml4j.opc.PackageRelationshipCollection - Parsing relationship: /_rels/.rels
10:48:43.063 [TestNG-tests-1] DEBUG org.apache.poi.openxml4j.opc.PackageRelationshipCollection - Parsing relationship: /xl/_rels/workbook.xml.rels
10:48:43.067 [TestNG-tests-1] DEBUG org.apache.poi.openxml4j.opc.PackageRelationshipCollection - Parsing relationship: /xl/worksheets/_rels/sheet1.xml.rels
10:48:43.069 [TestNG-tests-1] DEBUG org.apache.poi.openxml4j.opc.PackageRelationshipCollection - Parsing relationship: /_rels/.rels
10:48:43.166 [TestNG-tests-1] INFO  testCases.TC003LoginDDT - ***** starting TC002LoginTest ***** 
10:48:43.168 [TestNG-tests-1] INFO  testCases.TC003LoginDDT - Providing login details......
10:48:44.731 [TestNG-tests-1] INFO  testCases.TC003LoginDDT - Clicked on MyAccount link.......
10:48:45.642 [TestNG-tests-1] INFO  testCases.TC003LoginDDT - Clicked on Login link......
10:48:48.579 [TestNG-tests-1] INFO  testCases.TC003LoginDDT - Validating expected message.....
10:48:52.725 [TestNG-tests-1] INFO  testCases.TC003LoginDDT - ***** Finished TC003LoginDDT *****
10:48:53.148 [TestNG-tests-1] INFO  testCases.TC003LoginDDT - ***** starting TC002LoginTest ***** 
10:48:53.149 [TestNG-tests-1] INFO  testCases.TC003LoginDDT - Providing login details......
10:48:53.319 [TestNG-tests-1] INFO  testCases.TC003LoginDDT - Clicked on MyAccount link.......
10:48:54.021 [TestNG-tests-1] INFO  testCases.TC003LoginDDT - Clicked on Login link......
10:48:55.363 [TestNG-tests-1] INFO  testCases.TC003LoginDDT - Validating expected message.....
10:49:08.425 [TestNG-tests-1] INFO  testCases.TC003LoginDDT - ***** Finished TC003LoginDDT *****
10:49:08.633 [TestNG-tests-1] INFO  testCases.TC003LoginDDT - ***** starting TC002LoginTest ***** 
10:49:08.633 [TestNG-tests-1] INFO  testCases.TC003LoginDDT - Providing login details......
10:49:08.849 [TestNG-tests-1] INFO  testCases.TC003LoginDDT - Clicked on MyAccount link.......
10:49:09.595 [TestNG-tests-1] INFO  testCases.TC003LoginDDT - Clicked on Login link......
10:49:11.130 [TestNG-tests-1] INFO  testCases.TC003LoginDDT - Validating expected message.....
10:49:24.242 [TestNG-tests-1] INFO  testCases.TC003LoginDDT - ***** Finished TC003LoginDDT *****
10:49:24.466 [TestNG-tests-1] INFO  testCases.TC003LoginDDT - ***** starting TC002LoginTest ***** 
10:49:24.466 [TestNG-tests-1] INFO  testCases.TC003LoginDDT - Providing login details......
10:49:24.633 [TestNG-tests-1] INFO  testCases.TC003LoginDDT - Clicked on MyAccount link.......
10:49:25.385 [TestNG-tests-1] INFO  testCases.TC003LoginDDT - Clicked on Login link......
10:49:27.390 [TestNG-tests-1] INFO  testCases.TC003LoginDDT - Validating expected message.....
10:49:31.308 [TestNG-tests-1] INFO  testCases.TC003LoginDDT - ***** Finished TC003LoginDDT *****
10:49:31.563 [TestNG-tests-1] INFO  testCases.TC003LoginDDT - ***** starting TC002LoginTest ***** 
10:49:31.563 [TestNG-tests-1] INFO  testCases.TC003LoginDDT - Providing login details......
10:49:31.740 [TestNG-tests-1] INFO  testCases.TC003LoginDDT - Clicked on MyAccount link.......
10:49:32.480 [TestNG-tests-1] INFO  testCases.TC003LoginDDT - Clicked on Login link......
10:49:33.894 [TestNG-tests-1] INFO  testCases.TC003LoginDDT - Validating expected message.....
10:49:46.966 [TestNG-tests-1] INFO  testCases.TC003LoginDDT - ***** Finished TC003LoginDDT *****
10:49:47.312 [TestNG-tests-1] INFO  testCases.TC003LoginDDT - ***** starting TC002LoginTest ***** 
10:49:47.312 [TestNG-tests-1] INFO  testCases.TC003LoginDDT - Providing login details......
10:49:47.524 [TestNG-tests-1] INFO  testCases.TC003LoginDDT - Clicked on MyAccount link.......
10:49:50.071 [TestNG-tests-1] INFO  testCases.TC003LoginDDT - Clicked on Login link......
10:49:52.569 [TestNG-tests-1] INFO  testCases.TC003LoginDDT - Validating expected message.....
10:50:05.658 [TestNG-tests-1] INFO  testCases.TC003LoginDDT - ***** Finished TC003LoginDDT *****
