12:11:54.976 [TestNG-tests-1] DEBUG org.apache.poi.openxml4j.opc.PackageRelationshipCollection - Parsing relationship: /xl/_rels/workbook.xml.rels
12:11:54.998 [TestNG-tests-1] DEBUG org.apache.poi.openxml4j.opc.PackageRelationshipCollection - Parsing relationship: /xl/worksheets/_rels/sheet1.xml.rels
12:11:55.006 [TestNG-tests-1] DEBUG org.apache.poi.openxml4j.opc.PackageRelationshipCollection - Parsing relationship: /_rels/.rels
12:11:55.108 [TestNG-tests-1] DEBUG org.apache.poi.openxml4j.opc.PackageRelationshipCollection - Parsing relationship: /xl/_rels/workbook.xml.rels
12:11:55.111 [TestNG-tests-1] DEBUG org.apache.poi.openxml4j.opc.PackageRelationshipCollection - Parsing relationship: /xl/worksheets/_rels/sheet1.xml.rels
12:11:55.114 [TestNG-tests-1] DEBUG org.apache.poi.openxml4j.opc.PackageRelationshipCollection - Parsing relationship: /_rels/.rels
12:11:55.175 [TestNG-tests-1] DEBUG org.apache.poi.openxml4j.opc.PackageRelationshipCollection - Parsing relationship: /xl/_rels/workbook.xml.rels
12:11:55.179 [TestNG-tests-1] DEBUG org.apache.poi.openxml4j.opc.PackageRelationshipCollection - Parsing relationship: /xl/worksheets/_rels/sheet1.xml.rels
12:11:55.181 [TestNG-tests-1] DEBUG org.apache.poi.openxml4j.opc.PackageRelationshipCollection - Parsing relationship: /_rels/.rels
12:11:55.261 [TestNG-tests-1] INFO  testCases.TC003LoginDDT - ***** starting TC002LoginTest ***** 
12:11:55.262 [TestNG-tests-1] INFO  testCases.TC003LoginDDT - Providing login details......
12:11:55.680 [TestNG-tests-1] INFO  testCases.TC003LoginDDT - Clicked on MyAccount link.......
12:11:56.603 [TestNG-tests-1] INFO  testCases.TC003LoginDDT - Clicked on Login link......
12:11:58.839 [TestNG-tests-1] INFO  testCases.TC003LoginDDT - Validating expected message.....
12:12:02.741 [TestNG-tests-1] INFO  testCases.TC003LoginDDT - ***** Finished TC003LoginDDT *****
12:12:03.001 [TestNG-tests-1] INFO  testCases.TC003LoginDDT - ***** starting TC002LoginTest ***** 
12:12:03.002 [TestNG-tests-1] INFO  testCases.TC003LoginDDT - Providing login details......
12:12:03.206 [TestNG-tests-1] INFO  testCases.TC003LoginDDT - Clicked on MyAccount link.......
12:12:04.238 [TestNG-tests-1] INFO  testCases.TC003LoginDDT - Clicked on Login link......
12:12:06.047 [TestNG-tests-1] INFO  testCases.TC003LoginDDT - Validating expected message.....
12:12:19.226 [TestNG-tests-1] INFO  testCases.TC003LoginDDT - ***** Finished TC003LoginDDT *****
12:12:19.489 [TestNG-tests-1] INFO  testCases.TC003LoginDDT - ***** starting TC002LoginTest ***** 
12:12:19.490 [TestNG-tests-1] INFO  testCases.TC003LoginDDT - Providing login details......
12:12:19.631 [TestNG-tests-1] INFO  testCases.TC003LoginDDT - Clicked on MyAccount link.......
12:12:20.335 [TestNG-tests-1] INFO  testCases.TC003LoginDDT - Clicked on Login link......
12:12:21.629 [TestNG-tests-1] INFO  testCases.TC003LoginDDT - Validating expected message.....
12:12:34.707 [TestNG-tests-1] INFO  testCases.TC003LoginDDT - ***** Finished TC003LoginDDT *****
12:12:35.011 [TestNG-tests-1] INFO  testCases.TC003LoginDDT - ***** starting TC002LoginTest ***** 
12:12:35.014 [TestNG-tests-1] INFO  testCases.TC003LoginDDT - Providing login details......
12:12:35.212 [TestNG-tests-1] INFO  testCases.TC003LoginDDT - Clicked on MyAccount link.......
12:12:35.894 [TestNG-tests-1] INFO  testCases.TC003LoginDDT - Clicked on Login link......
12:12:37.774 [TestNG-tests-1] INFO  testCases.TC003LoginDDT - Validating expected message.....
12:12:41.736 [TestNG-tests-1] INFO  testCases.TC003LoginDDT - ***** Finished TC003LoginDDT *****
12:12:41.948 [TestNG-tests-1] INFO  testCases.TC003LoginDDT - ***** starting TC002LoginTest ***** 
12:12:41.949 [TestNG-tests-1] INFO  testCases.TC003LoginDDT - Providing login details......
12:12:42.168 [TestNG-tests-1] INFO  testCases.TC003LoginDDT - Clicked on MyAccount link.......
12:12:43.010 [TestNG-tests-1] INFO  testCases.TC003LoginDDT - Clicked on Login link......
12:12:44.612 [TestNG-tests-1] INFO  testCases.TC003LoginDDT - Validating expected message.....
12:12:57.689 [TestNG-tests-1] INFO  testCases.TC003LoginDDT - ***** Finished TC003LoginDDT *****
12:12:57.998 [TestNG-tests-1] INFO  testCases.TC003LoginDDT - ***** starting TC002LoginTest ***** 
12:12:57.999 [TestNG-tests-1] INFO  testCases.TC003LoginDDT - Providing login details......
12:12:58.158 [TestNG-tests-1] INFO  testCases.TC003LoginDDT - Clicked on MyAccount link.......
12:12:59.624 [TestNG-tests-1] INFO  testCases.TC003LoginDDT - Clicked on Login link......
12:13:00.940 [TestNG-tests-1] INFO  testCases.TC003LoginDDT - Validating expected message.....
12:13:14.045 [TestNG-tests-1] INFO  testCases.TC003LoginDDT - ***** Finished TC003LoginDDT *****
12:13:14.303 [TestNG-tests-1] INFO  testCases.TC003LoginDDT - ***** starting TC002LoginTest ***** 
12:13:14.304 [TestNG-tests-1] INFO  testCases.TC003LoginDDT - Providing login details......
12:13:14.477 [TestNG-tests-1] INFO  testCases.TC003LoginDDT - Clicked on MyAccount link.......
